[0.128s] DEBUG:colcon:Command line arguments: ['/usr/bin/colcon', 'build']
[0.128s] DEBUG:colcon:Parsed command line arguments: Namespace(log_base=None, log_level=None, verb_name='build', build_base='build', install_base='install', merge_install=False, symlink_install=False, test_result_base=None, continue_on_error=False, executor='parallel', parallel_workers=4, event_handlers=None, ignore_user_meta=False, metas=['./colcon.meta'], base_paths=['.'], packages_ignore=None, packages_ignore_regex=None, paths=None, packages_up_to=None, packages_up_to_regex=None, packages_above=None, packages_above_and_dependencies=None, packages_above_depth=None, packages_select_by_dep=None, packages_skip_by_dep=None, packages_skip_up_to=None, packages_select_build_failed=False, packages_skip_build_finished=False, packages_select_test_failures=False, packages_skip_test_passed=False, packages_select=None, packages_skip=None, packages_select_regex=None, packages_skip_regex=None, packages_start=None, packages_end=None, allow_overriding=[], cmake_args=None, cmake_target=None, cmake_target_skip_unavailable=False, cmake_clean_cache=False, cmake_clean_first=False, cmake_force_configure=False, ament_cmake_args=None, catkin_cmake_args=None, catkin_skip_building_tests=False, mixin_files=None, mixin=None, verb_parser=<colcon_mixin.mixin.mixin_argument.MixinArgumentDecorator object at 0x7333b5765840>, verb_extension=<colcon_core.verb.build.BuildVerb object at 0x7333b57652d0>, main=<bound method BuildVerb.main of <colcon_core.verb.build.BuildVerb object at 0x7333b57652d0>>, mixin_verb=('build',))
[0.325s] Level 1:colcon.colcon_core.package_discovery:discover_packages(colcon_meta) check parameters
[0.326s] Level 1:colcon.colcon_core.package_discovery:discover_packages(recursive) check parameters
[0.326s] Level 1:colcon.colcon_core.package_discovery:discover_packages(ignore) check parameters
[0.326s] Level 1:colcon.colcon_core.package_discovery:discover_packages(path) check parameters
[0.326s] Level 1:colcon.colcon_core.package_discovery:discover_packages(colcon_meta) discover
[0.326s] Level 1:colcon.colcon_core.package_discovery:discover_packages(recursive) discover
[0.326s] INFO:colcon.colcon_core.package_discovery:Crawling recursively for packages in '/home/adi/my_robo/src'
[0.326s] Level 1:colcon.colcon_core.package_identification:_identify(.) by extensions ['ignore', 'ignore_ament_install']
[0.326s] Level 1:colcon.colcon_core.package_identification:_identify(.) by extension 'ignore'
[0.326s] Level 1:colcon.colcon_core.package_identification:_identify(.) by extension 'ignore_ament_install'
[0.326s] Level 1:colcon.colcon_core.package_identification:_identify(.) by extensions ['colcon_pkg']
[0.326s] Level 1:colcon.colcon_core.package_identification:_identify(.) by extension 'colcon_pkg'
[0.326s] Level 1:colcon.colcon_core.package_identification:_identify(.) by extensions ['colcon_meta']
[0.326s] Level 1:colcon.colcon_core.package_identification:_identify(.) by extension 'colcon_meta'
[0.326s] Level 1:colcon.colcon_core.package_identification:_identify(.) by extensions ['ros']
[0.327s] Level 1:colcon.colcon_core.package_identification:_identify(.) by extension 'ros'
[0.339s] Level 1:colcon.colcon_core.package_identification:_identify(.) by extensions ['cmake', 'python']
[0.339s] Level 1:colcon.colcon_core.package_identification:_identify(.) by extension 'cmake'
[0.339s] Level 1:colcon.colcon_core.package_identification:_identify(.) by extension 'python'
[0.339s] Level 1:colcon.colcon_core.package_identification:_identify(.) by extensions ['python_setup_py']
[0.339s] Level 1:colcon.colcon_core.package_identification:_identify(.) by extension 'python_setup_py'
[0.340s] Level 1:colcon.colcon_core.package_identification:_identify(build) by extensions ['ignore', 'ignore_ament_install']
[0.340s] Level 1:colcon.colcon_core.package_identification:_identify(build) by extension 'ignore'
[0.340s] Level 1:colcon.colcon_core.package_identification:_identify(build) ignored
[0.340s] Level 1:colcon.colcon_core.package_identification:_identify(install) by extensions ['ignore', 'ignore_ament_install']
[0.340s] Level 1:colcon.colcon_core.package_identification:_identify(install) by extension 'ignore'
[0.340s] Level 1:colcon.colcon_core.package_identification:_identify(install) ignored
[0.340s] Level 1:colcon.colcon_core.package_identification:_identify(log) by extensions ['ignore', 'ignore_ament_install']
[0.340s] Level 1:colcon.colcon_core.package_identification:_identify(log) by extension 'ignore'
[0.340s] Level 1:colcon.colcon_core.package_identification:_identify(log) ignored
[0.340s] Level 1:colcon.colcon_core.package_identification:_identify(mclaren_robo) by extensions ['ignore', 'ignore_ament_install']
[0.341s] Level 1:colcon.colcon_core.package_identification:_identify(mclaren_robo) by extension 'ignore'
[0.341s] Level 1:colcon.colcon_core.package_identification:_identify(mclaren_robo) by extension 'ignore_ament_install'
[0.341s] Level 1:colcon.colcon_core.package_identification:_identify(mclaren_robo) by extensions ['colcon_pkg']
[0.341s] Level 1:colcon.colcon_core.package_identification:_identify(mclaren_robo) by extension 'colcon_pkg'
[0.341s] Level 1:colcon.colcon_core.package_identification:_identify(mclaren_robo) by extensions ['colcon_meta']
[0.341s] Level 1:colcon.colcon_core.package_identification:_identify(mclaren_robo) by extension 'colcon_meta'
[0.341s] Level 1:colcon.colcon_core.package_identification:_identify(mclaren_robo) by extensions ['ros']
[0.341s] Level 1:colcon.colcon_core.package_identification:_identify(mclaren_robo) by extension 'ros'
[0.344s] DEBUG:colcon.colcon_core.package_identification:Package 'mclaren_robo' with type 'ros.ament_cmake' and name 'mclaren_robo'
[0.344s] Level 1:colcon.colcon_core.package_discovery:discover_packages(recursive) using defaults
[0.344s] Level 1:colcon.colcon_core.package_discovery:discover_packages(ignore) discover
[0.344s] Level 1:colcon.colcon_core.package_discovery:discover_packages(ignore) using defaults
[0.344s] Level 1:colcon.colcon_core.package_discovery:discover_packages(path) discover
[0.344s] Level 1:colcon.colcon_core.package_discovery:discover_packages(path) using defaults
[0.378s] Level 1:colcon.colcon_core.package_discovery:discover_packages(prefix_path) check parameters
[0.378s] Level 1:colcon.colcon_core.package_discovery:discover_packages(prefix_path) discover
[0.380s] DEBUG:colcon.colcon_installed_package_information.package_discovery:Found 1 installed packages in /home/adi/my_robo/src/install
[0.381s] DEBUG:colcon.colcon_installed_package_information.package_discovery:Found 1 installed packages in /home/adi/hennesey_robo/install
[0.382s] DEBUG:colcon.colcon_installed_package_information.package_discovery:Found 305 installed packages in /opt/ros/humble
[0.384s] Level 1:colcon.colcon_core.package_discovery:discover_packages(prefix_path) using defaults
[0.433s] Level 5:colcon.colcon_core.verb:set package 'mclaren_robo' build argument 'cmake_args' from command line to 'None'
[0.433s] Level 5:colcon.colcon_core.verb:set package 'mclaren_robo' build argument 'cmake_target' from command line to 'None'
[0.433s] Level 5:colcon.colcon_core.verb:set package 'mclaren_robo' build argument 'cmake_target_skip_unavailable' from command line to 'False'
[0.433s] Level 5:colcon.colcon_core.verb:set package 'mclaren_robo' build argument 'cmake_clean_cache' from command line to 'False'
[0.433s] Level 5:colcon.colcon_core.verb:set package 'mclaren_robo' build argument 'cmake_clean_first' from command line to 'False'
[0.433s] Level 5:colcon.colcon_core.verb:set package 'mclaren_robo' build argument 'cmake_force_configure' from command line to 'False'
[0.433s] Level 5:colcon.colcon_core.verb:set package 'mclaren_robo' build argument 'ament_cmake_args' from command line to 'None'
[0.433s] Level 5:colcon.colcon_core.verb:set package 'mclaren_robo' build argument 'catkin_cmake_args' from command line to 'None'
[0.433s] Level 5:colcon.colcon_core.verb:set package 'mclaren_robo' build argument 'catkin_skip_building_tests' from command line to 'False'
[0.434s] DEBUG:colcon.colcon_core.verb:Building package 'mclaren_robo' with the following arguments: {'ament_cmake_args': None, 'build_base': '/home/adi/my_robo/src/build/mclaren_robo', 'catkin_cmake_args': None, 'catkin_skip_building_tests': False, 'cmake_args': None, 'cmake_clean_cache': False, 'cmake_clean_first': False, 'cmake_force_configure': False, 'cmake_target': None, 'cmake_target_skip_unavailable': False, 'install_base': '/home/adi/my_robo/src/install/mclaren_robo', 'merge_install': False, 'path': '/home/adi/my_robo/src/mclaren_robo', 'symlink_install': False, 'test_result_base': None}
[0.434s] INFO:colcon.colcon_core.executor:Executing jobs using 'parallel' executor
[0.435s] DEBUG:colcon.colcon_parallel_executor.executor.parallel:run_until_complete
[0.435s] INFO:colcon.colcon_ros.task.ament_cmake.build:Building ROS package in '/home/adi/my_robo/src/mclaren_robo' with build type 'ament_cmake'
[0.435s] INFO:colcon.colcon_cmake.task.cmake.build:Building CMake package in '/home/adi/my_robo/src/mclaren_robo'
[0.438s] INFO:colcon.colcon_core.plugin_system:Skipping extension 'colcon_core.shell.bat': Not used on non-Windows systems
[0.438s] INFO:colcon.colcon_core.shell:Skip shell extension 'powershell' for command environment: Not usable outside of PowerShell
[0.438s] DEBUG:colcon.colcon_core.shell:Skip shell extension 'dsv' for command environment
[0.449s] DEBUG:colcon.colcon_core.event_handler.log_command:Invoking command in '/home/adi/my_robo/src/build/mclaren_robo': CMAKE_PREFIX_PATH=${CMAKE_PREFIX_PATH}:/opt/ros/humble /usr/bin/cmake --build /home/adi/my_robo/src/build/mclaren_robo -- -j4 -l4
[14.621s] DEBUG:colcon.colcon_core.event_handler.log_command:Invoked command in '/home/adi/my_robo/src/build/mclaren_robo' returned '0': CMAKE_PREFIX_PATH=${CMAKE_PREFIX_PATH}:/opt/ros/humble /usr/bin/cmake --build /home/adi/my_robo/src/build/mclaren_robo -- -j4 -l4
[14.632s] DEBUG:colcon.colcon_core.event_handler.log_command:Invoking command in '/home/adi/my_robo/src/build/mclaren_robo': CMAKE_PREFIX_PATH=${CMAKE_PREFIX_PATH}:/opt/ros/humble /usr/bin/cmake --install /home/adi/my_robo/src/build/mclaren_robo
[14.652s] Level 1:colcon.colcon_core.environment:create_environment_scripts_only(mclaren_robo)
[14.653s] DEBUG:colcon.colcon_core.event_handler.log_command:Invoked command in '/home/adi/my_robo/src/build/mclaren_robo' returned '0': CMAKE_PREFIX_PATH=${CMAKE_PREFIX_PATH}:/opt/ros/humble /usr/bin/cmake --install /home/adi/my_robo/src/build/mclaren_robo
[14.655s] Level 1:colcon.colcon_core.environment:checking '/home/adi/my_robo/src/install/mclaren_robo' for CMake module files
[14.656s] Level 1:colcon.colcon_core.environment:checking '/home/adi/my_robo/src/install/mclaren_robo' for CMake config files
[14.656s] Level 1:colcon.colcon_core.shell:create_environment_hook('mclaren_robo', 'cmake_prefix_path')
[14.656s] INFO:colcon.colcon_core.shell:Creating environment hook '/home/adi/my_robo/src/install/mclaren_robo/share/mclaren_robo/hook/cmake_prefix_path.ps1'
[14.657s] INFO:colcon.colcon_core.shell:Creating environment descriptor '/home/adi/my_robo/src/install/mclaren_robo/share/mclaren_robo/hook/cmake_prefix_path.dsv'
[14.657s] INFO:colcon.colcon_core.shell:Creating environment hook '/home/adi/my_robo/src/install/mclaren_robo/share/mclaren_robo/hook/cmake_prefix_path.sh'
[14.658s] Level 1:colcon.colcon_core.environment:checking '/home/adi/my_robo/src/install/mclaren_robo/lib'
[14.658s] Level 1:colcon.colcon_core.environment:checking '/home/adi/my_robo/src/install/mclaren_robo/bin'
[14.658s] Level 1:colcon.colcon_core.environment:checking '/home/adi/my_robo/src/install/mclaren_robo/lib/pkgconfig/mclaren_robo.pc'
[14.659s] Level 1:colcon.colcon_core.environment:checking '/home/adi/my_robo/src/install/mclaren_robo/lib/python3.10/site-packages'
[14.659s] Level 1:colcon.colcon_core.environment:checking '/home/adi/my_robo/src/install/mclaren_robo/bin'
[14.659s] INFO:colcon.colcon_core.shell:Creating package script '/home/adi/my_robo/src/install/mclaren_robo/share/mclaren_robo/package.ps1'
[14.660s] INFO:colcon.colcon_core.shell:Creating package descriptor '/home/adi/my_robo/src/install/mclaren_robo/share/mclaren_robo/package.dsv'
[14.661s] INFO:colcon.colcon_core.shell:Creating package script '/home/adi/my_robo/src/install/mclaren_robo/share/mclaren_robo/package.sh'
[14.662s] INFO:colcon.colcon_core.shell:Creating package script '/home/adi/my_robo/src/install/mclaren_robo/share/mclaren_robo/package.bash'
[14.662s] INFO:colcon.colcon_core.shell:Creating package script '/home/adi/my_robo/src/install/mclaren_robo/share/mclaren_robo/package.zsh'
[14.663s] Level 1:colcon.colcon_core.environment:create_file_with_runtime_dependencies(/home/adi/my_robo/src/install/mclaren_robo/share/colcon-core/packages/mclaren_robo)
[14.664s] Level 1:colcon.colcon_core.environment:create_environment_scripts_only(mclaren_robo)
[14.664s] Level 1:colcon.colcon_core.environment:checking '/home/adi/my_robo/src/install/mclaren_robo' for CMake module files
[14.665s] Level 1:colcon.colcon_core.environment:checking '/home/adi/my_robo/src/install/mclaren_robo' for CMake config files
[14.665s] Level 1:colcon.colcon_core.shell:create_environment_hook('mclaren_robo', 'cmake_prefix_path')
[14.665s] INFO:colcon.colcon_core.shell:Creating environment hook '/home/adi/my_robo/src/install/mclaren_robo/share/mclaren_robo/hook/cmake_prefix_path.ps1'
[14.665s] INFO:colcon.colcon_core.shell:Creating environment descriptor '/home/adi/my_robo/src/install/mclaren_robo/share/mclaren_robo/hook/cmake_prefix_path.dsv'
[14.666s] INFO:colcon.colcon_core.shell:Creating environment hook '/home/adi/my_robo/src/install/mclaren_robo/share/mclaren_robo/hook/cmake_prefix_path.sh'
[14.666s] Level 1:colcon.colcon_core.environment:checking '/home/adi/my_robo/src/install/mclaren_robo/lib'
[14.667s] Level 1:colcon.colcon_core.environment:checking '/home/adi/my_robo/src/install/mclaren_robo/bin'
[14.667s] Level 1:colcon.colcon_core.environment:checking '/home/adi/my_robo/src/install/mclaren_robo/lib/pkgconfig/mclaren_robo.pc'
[14.667s] Level 1:colcon.colcon_core.environment:checking '/home/adi/my_robo/src/install/mclaren_robo/lib/python3.10/site-packages'
[14.667s] Level 1:colcon.colcon_core.environment:checking '/home/adi/my_robo/src/install/mclaren_robo/bin'
[14.667s] INFO:colcon.colcon_core.shell:Creating package script '/home/adi/my_robo/src/install/mclaren_robo/share/mclaren_robo/package.ps1'
[14.668s] INFO:colcon.colcon_core.shell:Creating package descriptor '/home/adi/my_robo/src/install/mclaren_robo/share/mclaren_robo/package.dsv'
[14.668s] INFO:colcon.colcon_core.shell:Creating package script '/home/adi/my_robo/src/install/mclaren_robo/share/mclaren_robo/package.sh'
[14.669s] INFO:colcon.colcon_core.shell:Creating package script '/home/adi/my_robo/src/install/mclaren_robo/share/mclaren_robo/package.bash'
[14.669s] INFO:colcon.colcon_core.shell:Creating package script '/home/adi/my_robo/src/install/mclaren_robo/share/mclaren_robo/package.zsh'
[14.670s] Level 1:colcon.colcon_core.environment:create_file_with_runtime_dependencies(/home/adi/my_robo/src/install/mclaren_robo/share/colcon-core/packages/mclaren_robo)
[14.670s] DEBUG:colcon.colcon_parallel_executor.executor.parallel:closing loop
[14.671s] DEBUG:colcon.colcon_parallel_executor.executor.parallel:loop closed
[14.671s] DEBUG:colcon.colcon_parallel_executor.executor.parallel:run_until_complete finished with '0'
[14.671s] DEBUG:colcon.colcon_core.event_reactor:joining thread
[14.677s] INFO:colcon.colcon_core.plugin_system:Skipping extension 'colcon_notification.desktop_notification.terminal_notifier': Not used on non-Darwin systems
[14.677s] INFO:colcon.colcon_core.plugin_system:Skipping extension 'colcon_notification.desktop_notification.win32': Not used on non-Windows systems
[14.677s] INFO:colcon.colcon_notification.desktop_notification:Sending desktop notification using 'notify2'
[14.690s] DEBUG:colcon.colcon_core.event_reactor:joined thread
[14.690s] INFO:colcon.colcon_core.shell:Creating prefix script '/home/adi/my_robo/src/install/local_setup.ps1'
[14.692s] INFO:colcon.colcon_core.shell:Creating prefix util module '/home/adi/my_robo/src/install/_local_setup_util_ps1.py'
[14.695s] INFO:colcon.colcon_core.shell:Creating prefix chain script '/home/adi/my_robo/src/install/setup.ps1'
[14.696s] INFO:colcon.colcon_core.shell:Creating prefix script '/home/adi/my_robo/src/install/local_setup.sh'
[14.697s] INFO:colcon.colcon_core.shell:Creating prefix util module '/home/adi/my_robo/src/install/_local_setup_util_sh.py'
[14.698s] INFO:colcon.colcon_core.shell:Creating prefix chain script '/home/adi/my_robo/src/install/setup.sh'
[14.699s] INFO:colcon.colcon_core.shell:Creating prefix script '/home/adi/my_robo/src/install/local_setup.bash'
[14.700s] INFO:colcon.colcon_core.shell:Creating prefix chain script '/home/adi/my_robo/src/install/setup.bash'
[14.701s] INFO:colcon.colcon_core.shell:Creating prefix script '/home/adi/my_robo/src/install/local_setup.zsh'
[14.702s] INFO:colcon.colcon_core.shell:Creating prefix chain script '/home/adi/my_robo/src/install/setup.zsh'
